nohup: ignoring input
======================================================================
🔬 SENSITIVITY ANALYSIS - Parallel Environments (512)
======================================================================
✅ EXPERIMENTAL_MODE = True
✅ Task: Stabilize-Isaac-Cartpole-v0
✅ Parallel Environments: 512
✅ Expected speedup: ~51x faster

💡 Monitor GPU memory: watch -n 2 nvidia-smi (in another terminal)

======================================================================
📊 EXPERIMENT 1: Discount Factor
======================================================================

━━━━━━━━━━━━━━━━━━━━━━━━━━━━━━━━━━━━━━━━━━━━━━━━━━━━━━━━━━
▶️  Run 1/16: Q_Learning with γ=0.5
    Parallel Envs: 512 | Episodes: 25,000
━━━━━━━━━━━━━━━━━━━━━━━━━━━━━━━━━━━━━━━━━━━━━━━━━━━━━━━━━━
✅ Completed in 1m 59s

━━━━━━━━━━━━━━━━━━━━━━━━━━━━━━━━━━━━━━━━━━━━━━━━━━━━━━━━━━
▶️  Run 2/16: Q_Learning with γ=0.8
    Parallel Envs: 512 | Episodes: 25,000
━━━━━━━━━━━━━━━━━━━━━━━━━━━━━━━━━━━━━━━━━━━━━━━━━━━━━━━━━━
✅ Completed in 2m 0s

━━━━━━━━━━━━━━━━━━━━━━━━━━━━━━━━━━━━━━━━━━━━━━━━━━━━━━━━━━
▶️  Run 3/16: Q_Learning with γ=0.95
    Parallel Envs: 512 | Episodes: 25,000
━━━━━━━━━━━━━━━━━━━━━━━━━━━━━━━━━━━━━━━━━━━━━━━━━━━━━━━━━━
✅ Completed in 2m 21s

━━━━━━━━━━━━━━━━━━━━━━━━━━━━━━━━━━━━━━━━━━━━━━━━━━━━━━━━━━
▶️  Run 4/16: Q_Learning with γ=0.99
    Parallel Envs: 512 | Episodes: 25,000
━━━━━━━━━━━━━━━━━━━━━━━━━━━━━━━━━━━━━━━━━━━━━━━━━━━━━━━━━━
✅ Completed in 2m 14s

━━━━━━━━━━━━━━━━━━━━━━━━━━━━━━━━━━━━━━━━━━━━━━━━━━━━━━━━━━
▶️  Run 5/16: SARSA with γ=0.5
    Parallel Envs: 512 | Episodes: 25,000
━━━━━━━━━━━━━━━━━━━━━━━━━━━━━━━━━━━━━━━━━━━━━━━━━━━━━━━━━━
✅ Completed in 1m 31s

━━━━━━━━━━━━━━━━━━━━━━━━━━━━━━━━━━━━━━━━━━━━━━━━━━━━━━━━━━
▶️  Run 6/16: SARSA with γ=0.8
    Parallel Envs: 512 | Episodes: 25,000
━━━━━━━━━━━━━━━━━━━━━━━━━━━━━━━━━━━━━━━━━━━━━━━━━━━━━━━━━━
✅ Completed in 1m 15s

━━━━━━━━━━━━━━━━━━━━━━━━━━━━━━━━━━━━━━━━━━━━━━━━━━━━━━━━━━
▶️  Run 7/16: SARSA with γ=0.95
    Parallel Envs: 512 | Episodes: 25,000
━━━━━━━━━━━━━━━━━━━━━━━━━━━━━━━━━━━━━━━━━━━━━━━━━━━━━━━━━━
✅ Completed in 1m 30s

━━━━━━━━━━━━━━━━━━━━━━━━━━━━━━━━━━━━━━━━━━━━━━━━━━━━━━━━━━
▶️  Run 8/16: SARSA with γ=0.99
    Parallel Envs: 512 | Episodes: 25,000
━━━━━━━━━━━━━━━━━━━━━━━━━━━━━━━━━━━━━━━━━━━━━━━━━━━━━━━━━━
✅ Completed in 1m 34s

━━━━━━━━━━━━━━━━━━━━━━━━━━━━━━━━━━━━━━━━━━━━━━━━━━━━━━━━━━
▶️  Run 9/16: Double_Q_Learning with γ=0.5
    Parallel Envs: 512 | Episodes: 25,000
━━━━━━━━━━━━━━━━━━━━━━━━━━━━━━━━━━━━━━━━━━━━━━━━━━━━━━━━━━
✅ Completed in 1m 26s

━━━━━━━━━━━━━━━━━━━━━━━━━━━━━━━━━━━━━━━━━━━━━━━━━━━━━━━━━━
▶️  Run 10/16: Double_Q_Learning with γ=0.8
    Parallel Envs: 512 | Episodes: 25,000
━━━━━━━━━━━━━━━━━━━━━━━━━━━━━━━━━━━━━━━━━━━━━━━━━━━━━━━━━━
✅ Completed in 1m 10s

━━━━━━━━━━━━━━━━━━━━━━━━━━━━━━━━━━━━━━━━━━━━━━━━━━━━━━━━━━
▶️  Run 11/16: Double_Q_Learning with γ=0.95
    Parallel Envs: 512 | Episodes: 25,000
━━━━━━━━━━━━━━━━━━━━━━━━━━━━━━━━━━━━━━━━━━━━━━━━━━━━━━━━━━
✅ Completed in 1m 28s

━━━━━━━━━━━━━━━━━━━━━━━━━━━━━━━━━━━━━━━━━━━━━━━━━━━━━━━━━━
▶️  Run 12/16: Double_Q_Learning with γ=0.99
    Parallel Envs: 512 | Episodes: 25,000
━━━━━━━━━━━━━━━━━━━━━━━━━━━━━━━━━━━━━━━━━━━━━━━━━━━━━━━━━━
✅ Completed in 1m 32s

━━━━━━━━━━━━━━━━━━━━━━━━━━━━━━━━━━━━━━━━━━━━━━━━━━━━━━━━━━
▶️  Run 13/16: Monte_Carlo with γ=0.5
    Parallel Envs: 512 | Episodes: 25,000
━━━━━━━━━━━━━━━━━━━━━━━━━━━━━━━━━━━━━━━━━━━━━━━━━━━━━━━━━━
✅ Completed in 2m 3s

━━━━━━━━━━━━━━━━━━━━━━━━━━━━━━━━━━━━━━━━━━━━━━━━━━━━━━━━━━
▶️  Run 14/16: Monte_Carlo with γ=0.8
    Parallel Envs: 512 | Episodes: 25,000
━━━━━━━━━━━━━━━━━━━━━━━━━━━━━━━━━━━━━━━━━━━━━━━━━━━━━━━━━━
✅ Completed in 3m 12s

━━━━━━━━━━━━━━━━━━━━━━━━━━━━━━━━━━━━━━━━━━━━━━━━━━━━━━━━━━
▶️  Run 15/16: Monte_Carlo with γ=0.95
    Parallel Envs: 512 | Episodes: 25,000
━━━━━━━━━━━━━━━━━━━━━━━━━━━━━━━━━━━━━━━━━━━━━━━━━━━━━━━━━━
✅ Completed in 3m 12s

━━━━━━━━━━━━━━━━━━━━━━━━━━━━━━━━━━━━━━━━━━━━━━━━━━━━━━━━━━
▶️  Run 16/16: Monte_Carlo with γ=0.99
    Parallel Envs: 512 | Episodes: 25,000
━━━━━━━━━━━━━━━━━━━━━━━━━━━━━━━━━━━━━━━━━━━━━━━━━━━━━━━━━━
✅ Completed in 3m 34s

======================================================================
✅ EXPERIMENT 1 COMPLETE - 32m 1s
======================================================================

======================================================================
📊 EXPERIMENT 2: Learning Rate
======================================================================

━━━━━━━━━━━━━━━━━━━━━━━━━━━━━━━━━━━━━━━━━━━━━━━━━━━━━━━━━━
▶️  Run 1/16: Q_Learning with α=0.03
    Parallel Envs: 512 | Episodes: 25,000
━━━━━━━━━━━━━━━━━━━━━━━━━━━━━━━━━━━━━━━━━━━━━━━━━━━━━━━━━━
✅ Completed in 1m 31s

━━━━━━━━━━━━━━━━━━━━━━━━━━━━━━━━━━━━━━━━━━━━━━━━━━━━━━━━━━
▶️  Run 2/16: Q_Learning with α=0.08
    Parallel Envs: 512 | Episodes: 25,000
━━━━━━━━━━━━━━━━━━━━━━━━━━━━━━━━━━━━━━━━━━━━━━━━━━━━━━━━━━
✅ Completed in 2m 24s

━━━━━━━━━━━━━━━━━━━━━━━━━━━━━━━━━━━━━━━━━━━━━━━━━━━━━━━━━━
▶️  Run 3/16: Q_Learning with α=0.15
    Parallel Envs: 512 | Episodes: 25,000
━━━━━━━━━━━━━━━━━━━━━━━━━━━━━━━━━━━━━━━━━━━━━━━━━━━━━━━━━━
✅ Completed in 2m 41s

━━━━━━━━━━━━━━━━━━━━━━━━━━━━━━━━━━━━━━━━━━━━━━━━━━━━━━━━━━
▶️  Run 4/16: Q_Learning with α=0.25
    Parallel Envs: 512 | Episodes: 25,000
━━━━━━━━━━━━━━━━━━━━━━━━━━━━━━━━━━━━━━━━━━━━━━━━━━━━━━━━━━
✅ Completed in 4m 2s

━━━━━━━━━━━━━━━━━━━━━━━━━━━━━━━━━━━━━━━━━━━━━━━━━━━━━━━━━━
▶️  Run 5/16: SARSA with α=0.03
    Parallel Envs: 512 | Episodes: 25,000
━━━━━━━━━━━━━━━━━━━━━━━━━━━━━━━━━━━━━━━━━━━━━━━━━━━━━━━━━━
✅ Completed in 1m 11s

━━━━━━━━━━━━━━━━━━━━━━━━━━━━━━━━━━━━━━━━━━━━━━━━━━━━━━━━━━
▶️  Run 6/16: SARSA with α=0.08
    Parallel Envs: 512 | Episodes: 25,000
━━━━━━━━━━━━━━━━━━━━━━━━━━━━━━━━━━━━━━━━━━━━━━━━━━━━━━━━━━
✅ Completed in 1m 34s

━━━━━━━━━━━━━━━━━━━━━━━━━━━━━━━━━━━━━━━━━━━━━━━━━━━━━━━━━━
▶️  Run 7/16: SARSA with α=0.15
    Parallel Envs: 512 | Episodes: 25,000
━━━━━━━━━━━━━━━━━━━━━━━━━━━━━━━━━━━━━━━━━━━━━━━━━━━━━━━━━━
✅ Completed in 1m 57s

━━━━━━━━━━━━━━━━━━━━━━━━━━━━━━━━━━━━━━━━━━━━━━━━━━━━━━━━━━
▶️  Run 8/16: SARSA with α=0.25
    Parallel Envs: 512 | Episodes: 25,000
━━━━━━━━━━━━━━━━━━━━━━━━━━━━━━━━━━━━━━━━━━━━━━━━━━━━━━━━━━
✅ Completed in 2m 59s

━━━━━━━━━━━━━━━━━━━━━━━━━━━━━━━━━━━━━━━━━━━━━━━━━━━━━━━━━━
▶️  Run 9/16: Double_Q_Learning with α=0.03
    Parallel Envs: 512 | Episodes: 25,000
━━━━━━━━━━━━━━━━━━━━━━━━━━━━━━━━━━━━━━━━━━━━━━━━━━━━━━━━━━
✅ Completed in 1m 21s

━━━━━━━━━━━━━━━━━━━━━━━━━━━━━━━━━━━━━━━━━━━━━━━━━━━━━━━━━━
▶️  Run 10/16: Double_Q_Learning with α=0.08
    Parallel Envs: 512 | Episodes: 25,000
━━━━━━━━━━━━━━━━━━━━━━━━━━━━━━━━━━━━━━━━━━━━━━━━━━━━━━━━━━
✅ Completed in 1m 32s

━━━━━━━━━━━━━━━━━━━━━━━━━━━━━━━━━━━━━━━━━━━━━━━━━━━━━━━━━━
▶️  Run 11/16: Double_Q_Learning with α=0.15
    Parallel Envs: 512 | Episodes: 25,000
━━━━━━━━━━━━━━━━━━━━━━━━━━━━━━━━━━━━━━━━━━━━━━━━━━━━━━━━━━
✅ Completed in 1m 55s

━━━━━━━━━━━━━━━━━━━━━━━━━━━━━━━━━━━━━━━━━━━━━━━━━━━━━━━━━━
▶️  Run 12/16: Double_Q_Learning with α=0.25
    Parallel Envs: 512 | Episodes: 25,000
━━━━━━━━━━━━━━━━━━━━━━━━━━━━━━━━━━━━━━━━━━━━━━━━━━━━━━━━━━
✅ Completed in 2m 3s

━━━━━━━━━━━━━━━━━━━━━━━━━━━━━━━━━━━━━━━━━━━━━━━━━━━━━━━━━━
▶️  Run 13/16: Monte_Carlo with α=0.03
    Parallel Envs: 512 | Episodes: 25,000
━━━━━━━━━━━━━━━━━━━━━━━━━━━━━━━━━━━━━━━━━━━━━━━━━━━━━━━━━━
✅ Completed in 3m 7s

━━━━━━━━━━━━━━━━━━━━━━━━━━━━━━━━━━━━━━━━━━━━━━━━━━━━━━━━━━
▶️  Run 14/16: Monte_Carlo with α=0.08
    Parallel Envs: 512 | Episodes: 25,000
━━━━━━━━━━━━━━━━━━━━━━━━━━━━━━━━━━━━━━━━━━━━━━━━━━━━━━━━━━
✅ Completed in 3m 41s

━━━━━━━━━━━━━━━━━━━━━━━━━━━━━━━━━━━━━━━━━━━━━━━━━━━━━━━━━━
▶️  Run 15/16: Monte_Carlo with α=0.15
    Parallel Envs: 512 | Episodes: 25,000
━━━━━━━━━━━━━━━━━━━━━━━━━━━━━━━━━━━━━━━━━━━━━━━━━━━━━━━━━━
✅ Completed in 3m 3s

━━━━━━━━━━━━━━━━━━━━━━━━━━━━━━━━━━━━━━━━━━━━━━━━━━━━━━━━━━
▶️  Run 16/16: Monte_Carlo with α=0.25
    Parallel Envs: 512 | Episodes: 25,000
━━━━━━━━━━━━━━━━━━━━━━━━━━━━━━━━━━━━━━━━━━━━━━━━━━━━━━━━━━
✅ Completed in 2m 38s

======================================================================
✅ EXPERIMENT 2 COMPLETE - 37m 39s
======================================================================

======================================================================
📊 EXPERIMENT 3: Epsilon Decay (SARSA only)
======================================================================

━━━━━━━━━━━━━━━━━━━━━━━━━━━━━━━━━━━━━━━━━━━━━━━━━━━━━━━━━━
▶️  Run 1/4: SARSA with ε_decay=0.995
    Parallel Envs: 512 | Episodes: 25,000
━━━━━━━━━━━━━━━━━━━━━━━━━━━━━━━━━━━━━━━━━━━━━━━━━━━━━━━━━━
✅ Completed in 1m 43s

━━━━━━━━━━━━━━━━━━━━━━━━━━━━━━━━━━━━━━━━━━━━━━━━━━━━━━━━━━
▶️  Run 2/4: SARSA with ε_decay=0.998
    Parallel Envs: 512 | Episodes: 25,000
━━━━━━━━━━━━━━━━━━━━━━━━━━━━━━━━━━━━━━━━━━━━━━━━━━━━━━━━━━
✅ Completed in 1m 43s

━━━━━━━━━━━━━━━━━━━━━━━━━━━━━━━━━━━━━━━━━━━━━━━━━━━━━━━━━━
▶️  Run 3/4: SARSA with ε_decay=0.9995
    Parallel Envs: 512 | Episodes: 25,000
━━━━━━━━━━━━━━━━━━━━━━━━━━━━━━━━━━━━━━━━━━━━━━━━━━━━━━━━━━
✅ Completed in 1m 38s

━━━━━━━━━━━━━━━━━━━━━━━━━━━━━━━━━━━━━━━━━━━━━━━━━━━━━━━━━━
▶️  Run 4/4: SARSA with ε_decay=0.9999
    Parallel Envs: 512 | Episodes: 25,000
━━━━━━━━━━━━━━━━━━━━━━━━━━━━━━━━━━━━━━━━━━━━━━━━━━━━━━━━━━
✅ Completed in 1m 31s

======================================================================
✅ EXPERIMENT 3 COMPLETE - 6m 35s
======================================================================

======================================================================
🎉 ALL EXPERIMENTS COMPLETE!
======================================================================

Performance Summary:
  • Parallel Environments: 512
  • Experiment 1: 32m 1s (16 runs)
  • Experiment 2: 37m 39s (16 runs)
  • Experiment 3: 6m 35s (4 runs)
  • Total Time: 1h 16m
  • Avg per run: 2 minutes

Results Summary:
  • Experiment 1 (Discount Factor): 16 runs ✅
  • Experiment 2 (Learning Rate):   16 runs ✅
  • Experiment 3 (Epsilon Decay):   4 runs ✅
  • Total: 36 runs

Results location:
  • Training data: logs/Stabilize/*_exp*/
  • Q-values: q_value/Stabilize/*_exp*/
  • Raw logs: logs/experiments/

Quick analysis:
  # View final rewards
  for d in logs/Stabilize/*_exp*/; do
    name=$(basename "$d")
    reward=$(tail -1 "$d/training_metrics.csv" 2>/dev/null | cut -d',' -f5)
    [ -n "$reward" ] && echo "$name: $reward"
  done

Config restored to baseline mode (EXPERIMENTAL_MODE = False)
======================================================================
